<?xml version="1.0" encoding="UTF-8" ?>
<testsuite tests="3" failures="0" name="com.teste.ExceptionTest" time="0.03" errors="0" skipped="0">
  <properties>
    <property name="idea.version" value="2021.2.3"/>
    <property name="java.runtime.name" value="OpenJDK Runtime Environment"/>
    <property name="java.vm.version" value="15.0.5+3-MTS"/>
    <property name="sun.boot.library.path" value="/home/claudioneves/.jdks/azul-15.0.5/lib"/>
    <property name="maven.multiModuleProjectDirectory" value="/home/claudioneves/IdeaProjects/DigitalInnovationOne"/>
    <property name="java.vm.vendor" value="Azul Systems, Inc."/>
    <property name="java.vendor.url" value="http://www.azul.com/"/>
    <property name="guice.disable.misplaced.annotation.check" value="true"/>
    <property name="path.separator" value=":"/>
    <property name="java.vm.name" value="OpenJDK 64-Bit Server VM"/>
    <property name="user.country" value="BR"/>
    <property name="sun.java.launcher" value="SUN_STANDARD"/>
    <property name="java.vm.specification.name" value="Java Virtual Machine Specification"/>
    <property name="user.dir" value="/home/claudioneves/IdeaProjects/DigitalInnovationOne"/>
    <property name="java.vm.compressedOopsMode" value="32-bit"/>
    <property name="java.runtime.version" value="15.0.5+3-MTS"/>
    <property name="os.arch" value="amd64"/>
    <property name="java.io.tmpdir" value="/tmp"/>
    <property name="line.separator" value="
"/>
    <property name="java.vm.specification.vendor" value="Oracle Corporation"/>
    <property name="os.name" value="Linux"/>
    <property name="maven.ext.class.path" value="/home/claudioneves/Documentos/Global Labs Academy/Java - Instalação de Ambiente/idea-IC-211.7628.21/plugins/maven/lib/maven-event-listener.jar"/>
    <property name="classworlds.conf" value="/home/claudioneves/Documentos/Global Labs Academy/Java - Instalação de Ambiente/idea-IC-211.7628.21/plugins/maven/lib/maven3/bin/m2.conf"/>
    <property name="sun.jnu.encoding" value="UTF-8"/>
    <property name="java.library.path" value="/usr/java/packages/lib:/usr/lib64:/lib64:/lib:/usr/lib"/>
    <property name="maven.conf" value="/home/claudioneves/Documentos/Global Labs Academy/Java - Instalação de Ambiente/idea-IC-211.7628.21/plugins/maven/lib/maven3/conf"/>
    <property name="jdk.debug" value="release"/>
    <property name="java.class.version" value="59.0"/>
    <property name="java.specification.name" value="Java Platform API Specification"/>
    <property name="sun.management.compiler" value="HotSpot 64-Bit Tiered Compilers"/>
    <property name="os.version" value="5.8.0-63-generic"/>
    <property name="user.home" value="/home/claudioneves"/>
    <property name="user.timezone" value="America/Sao_Paulo"/>
    <property name="file.encoding" value="UTF-8"/>
    <property name="java.specification.version" value="15"/>
    <property name="user.name" value="claudioneves"/>
    <property name="java.class.path" value="/home/claudioneves/Documentos/Global Labs Academy/Java - Instalação de Ambiente/idea-IC-211.7628.21/plugins/maven/lib/maven3/boot/plexus-classworlds.license:/home/claudioneves/Documentos/Global Labs Academy/Java - Instalação de Ambiente/idea-IC-211.7628.21/plugins/maven/lib/maven3/boot/plexus-classworlds-2.6.0.jar"/>
    <property name="java.vm.specification.version" value="15"/>
    <property name="sun.arch.data.model" value="64"/>
    <property name="sun.java.command" value="org.codehaus.classworlds.Launcher -Didea.version=2021.2.3 install"/>
    <property name="java.home" value="/home/claudioneves/.jdks/azul-15.0.5"/>
    <property name="user.language" value="pt"/>
    <property name="java.specification.vendor" value="Oracle Corporation"/>
    <property name="java.vm.info" value="mixed mode, sharing"/>
    <property name="java.version" value="15.0.5"/>
    <property name="securerandom.source" value="file:/dev/./urandom"/>
    <property name="java.vendor" value="Azul Systems, Inc."/>
    <property name="maven.home" value="/home/claudioneves/Documentos/Global Labs Academy/Java - Instalação de Ambiente/idea-IC-211.7628.21/plugins/maven/lib/maven3"/>
    <property name="file.separator" value="/"/>
    <property name="java.version.date" value="2021-10-19"/>
    <property name="java.vendor.url.bug" value="http://www.azul.com/support/"/>
    <property name="sun.io.unicode.encoding" value="UnicodeLittle"/>
    <property name="sun.cpu.endian" value="little"/>
    <property name="java.vendor.version" value="Zulu15.36+13-CA"/>
  </properties>
  <testcase classname="com.teste.ExceptionTest" name="testExceptionMessage" time="0.005"/>
  <testcase classname="com.teste.ExceptionTest" name="empty" time="0.001"/>
  <testcase classname="com.teste.ExceptionTest" name="shouldTestExceptionMessage" time="0.024"/>
</testsuite>